13:27:41.752 [AWT-EventQueue-0] INFO  vendingmachine.states.State - 2.0 € inserted.
13:27:42.092 [AWT-EventQueue-0] INFO  vendingmachine.states.State - 1.0 € inserted.
13:27:42.501 [AWT-EventQueue-0] INFO  vendingmachine.states.State - 0.5 € inserted.
13:27:42.788 [AWT-EventQueue-0] INFO  vendingmachine.states.State - 0.2 € inserted.
13:27:43.141 [AWT-EventQueue-0] INFO  vendingmachine.states.State - 0.1 € inserted.
13:28:35.513 [main] INFO  vendingmachine.components.Context - New Vending Machine Created
13:28:46.770 [AWT-EventQueue-0] INFO  vendingmachine.states.State - 2.0 € inserted.
13:28:55.221 [AWT-EventQueue-0] INFO  vendingmachine.states.State - 1.0 € inserted.
13:28:55.580 [AWT-EventQueue-0] INFO  vendingmachine.states.State - 0.5 € inserted.
13:28:55.901 [AWT-EventQueue-0] INFO  vendingmachine.states.State - 0.2 € inserted.
13:28:56.205 [AWT-EventQueue-0] INFO  vendingmachine.states.State - 0.1 € inserted.
13:57:02.553 [main] INFO  Context - New Vending Machine Created
13:57:04.242 [AWT-EventQueue-0] INFO  State - 2.0 € inserted.
13:57:04.834 [AWT-EventQueue-0] INFO  State - 1.0 € inserted.
13:57:05.219 [AWT-EventQueue-0] INFO  State - 0.5 € inserted.
13:57:05.523 [AWT-EventQueue-0] INFO  State - 0.2 € inserted.
14:22:08.750 [main] INFO  Context - New Vending Machine Created
14:22:10.541 [AWT-EventQueue-0] INFO  State - 0.01 € inserted but not allowed.
14:22:13.868 [AWT-EventQueue-0] INFO  State - 0.5 € inserted.
14:22:14.187 [AWT-EventQueue-0] INFO  State - 2.0 € inserted.
14:22:14.715 [AWT-EventQueue-0] INFO  State - 1.0 € inserted.
14:22:15.020 [AWT-EventQueue-0] INFO  State - 0.2 € inserted.
14:40:35.066 [main] INFO  Context - New Vending Machine Created
14:40:36.918 [AWT-EventQueue-0] INFO  State - 2.0 € inserted.
14:40:37.494 [AWT-EventQueue-0] INFO  State - 1.0 € inserted.
14:40:40.230 [AWT-EventQueue-0] INFO  State - 0.5 € inserted.
14:51:25.557 [main] INFO  Context - New Vending Machine Created
14:51:27.057 [AWT-EventQueue-0] INFO  State - 2.0 € inserted.
14:51:27.505 [AWT-EventQueue-0] INFO  State - 1.0 € inserted.
14:51:28.008 [AWT-EventQueue-0] INFO  State - 0.5 € inserted.
14:51:28.448 [AWT-EventQueue-0] INFO  State - 0.2 € inserted.
14:51:41.926 [main] INFO  Context - New Vending Machine Created
14:51:43.234 [AWT-EventQueue-0] INFO  State - 2.0 € inserted.
14:51:44.035 [AWT-EventQueue-0] INFO  State - 1.0 € inserted.
14:51:46.395 [AWT-EventQueue-0] INFO  State - 0.5 € inserted.
14:51:47.387 [AWT-EventQueue-0] INFO  State - 0.2 € inserted.
14:52:57.413 [main] INFO  Context - New Vending Machine Created
14:52:58.795 [AWT-EventQueue-0] INFO  State - 2.0 € inserted.
14:53:51.289 [main] INFO  Context - New Vending Machine Created
14:53:53.881 [AWT-EventQueue-0] INFO  State - 2.0 € inserted.
14:55:32.253 [main] INFO  Context - New Vending Machine Created
14:55:33.772 [AWT-EventQueue-0] INFO  State - 0.1 € inserted.
14:55:33.987 [AWT-EventQueue-0] INFO  State - 0.1 € inserted.
14:55:34.283 [AWT-EventQueue-0] INFO  State - 0.1 € inserted.
14:55:34.436 [AWT-EventQueue-0] INFO  State - 0.1 € inserted.
14:55:34.588 [AWT-EventQueue-0] INFO  State - 0.1 € inserted.
14:55:34.740 [AWT-EventQueue-0] INFO  State - 0.1 € inserted.
14:55:34.876 [AWT-EventQueue-0] INFO  State - 0.1 € inserted.
14:55:35.036 [AWT-EventQueue-0] INFO  State - 0.1 € inserted.
14:55:35.196 [AWT-EventQueue-0] INFO  State - 0.1 € inserted.
14:55:35.356 [AWT-EventQueue-0] INFO  State - 0.1 € inserted.
14:55:35.539 [AWT-EventQueue-0] INFO  State - 0.1 € inserted.
14:55:35.979 [AWT-EventQueue-0] INFO  State - 0.1 € inserted.
14:55:36.147 [AWT-EventQueue-0] INFO  State - 0.1 € inserted.
14:55:36.292 [AWT-EventQueue-0] INFO  State - 0.1 € inserted.
14:55:36.419 [AWT-EventQueue-0] INFO  State - 0.1 € inserted.
14:55:43.581 [AWT-EventQueue-0] INFO  State - 0.5 € inserted.
14:58:31.669 [main] INFO  Context - New Vending Machine Created
14:58:33.424 [AWT-EventQueue-0] INFO  State - 2.0 € inserted.
14:58:35.711 [AWT-EventQueue-0] INFO  State - 0.1 € inserted.
14:58:35.879 [AWT-EventQueue-0] INFO  State - 0.1 € inserted.
14:58:36.017 [AWT-EventQueue-0] INFO  State - 0.1 € inserted.
14:58:36.159 [AWT-EventQueue-0] INFO  State - 0.1 € inserted.
14:58:36.369 [AWT-EventQueue-0] INFO  State - 0.1 € inserted.
14:58:36.528 [AWT-EventQueue-0] INFO  State - 0.1 € inserted.
14:58:36.657 [AWT-EventQueue-0] INFO  State - 0.1 € inserted.
14:58:36.801 [AWT-EventQueue-0] INFO  State - 0.1 € inserted.
14:58:36.936 [AWT-EventQueue-0] INFO  State - 0.1 € inserted.
14:58:37.224 [AWT-EventQueue-0] INFO  State - 0.1 € inserted.
14:58:37.352 [AWT-EventQueue-0] INFO  State - 0.1 € inserted.
14:58:37.504 [AWT-EventQueue-0] INFO  State - 0.1 € inserted.
14:58:37.625 [AWT-EventQueue-0] INFO  State - 0.1 € inserted.
14:58:37.887 [AWT-EventQueue-0] INFO  State - 0.1 € inserted.
14:58:38.032 [AWT-EventQueue-0] INFO  State - 0.1 € inserted.
14:58:38.175 [AWT-EventQueue-0] INFO  State - 0.1 € inserted.
14:58:38.312 [AWT-EventQueue-0] INFO  State - 0.1 € inserted.
14:58:38.463 [AWT-EventQueue-0] INFO  State - 0.1 € inserted.
14:58:38.760 [AWT-EventQueue-0] INFO  State - 0.1 € inserted.
14:58:38.952 [AWT-EventQueue-0] INFO  State - 0.1 € inserted.
15:05:21.418 [main] INFO  Context - New Vending Machine Created
15:05:24.198 [AWT-EventQueue-0] INFO  State - 2.0 € inserted.
15:10:46.641 [main] INFO  Context - New Vending Machine Created
15:10:48.434 [AWT-EventQueue-0] INFO  State - 2.0 € inserted.
15:11:14.563 [main] INFO  Context - New Vending Machine Created
15:12:13.295 [main] INFO  Context - New Vending Machine Created
15:12:14.932 [AWT-EventQueue-0] INFO  State - 2.0 € inserted.
15:12:29.099 [main] INFO  Context - New Vending Machine Created
15:12:31.870 [AWT-EventQueue-0] INFO  State - 2.0 € inserted.
12:36:58.450 [main] INFO  Context - New Vending Machine Created
12:37:00.465 [AWT-EventQueue-0] INFO  State - 2.0 € inserted.
12:37:11.868 [AWT-EventQueue-0] INFO  State - 2.0 € inserted.
12:37:12.065 [AWT-EventQueue-0] INFO  State - 2.0 € inserted.
12:37:12.222 [AWT-EventQueue-0] INFO  State - 2.0 € inserted.
12:37:30.261 [AWT-EventQueue-0] INFO  State - 2.0 € inserted.
12:37:30.475 [AWT-EventQueue-0] INFO  State - 2.0 € inserted.
12:37:40.807 [AWT-EventQueue-0] INFO  State - 2.0 € inserted.
12:40:31.131 [AWT-EventQueue-0] INFO  State - 2.0 € inserted.
12:40:53.158 [main] INFO  Context - New Vending Machine Created
12:40:56.300 [AWT-EventQueue-0] INFO  State - 2.0 € inserted.
12:41:08.961 [AWT-EventQueue-0] INFO  State - 2.0 € inserted.
12:41:15.942 [AWT-EventQueue-0] INFO  State - 2.0 € inserted.
12:42:34.142 [main] INFO  Context - New Vending Machine Created
12:42:36.131 [AWT-EventQueue-0] INFO  State - 2.0 € inserted.
12:45:02.249 [main] INFO  Context - New Vending Machine Created
12:45:04.330 [AWT-EventQueue-0] INFO  State - 2.0 € inserted.
12:45:52.539 [AWT-EventQueue-0] INFO  State - 2.0 € inserted.
12:46:05.770 [AWT-EventQueue-0] INFO  State - 2.0 € inserted.
12:46:13.088 [AWT-EventQueue-0] INFO  State - 2.0 € inserted.
12:46:42.341 [AWT-EventQueue-0] INFO  State - 2.0 € inserted.
12:49:04.407 [main] INFO  Context - New Vending Machine Created
12:49:46.513 [AWT-EventQueue-0] INFO  State - 2.0 € inserted.
12:50:31.164 [AWT-EventQueue-0] INFO  State - 2.0 € inserted.
